2025-09-23 01:13:08,412 - INFO - === INIZIO ELABORAZIONE ===
2025-09-23 01:13:08,412 - INFO - File vettoriale: E:\RECOVERY\WORK\IN-TIME\FLOODING\WATER-DEPTH\GORO_V_UVL_GPG.shp
2025-09-23 01:13:08,412 - INFO - File raster: E:\RECOVERY\WORK\IN-TIME\FLOODING\WATER-DEPTH\emilia_extract_02_depth_with_nodata.tif
2025-09-23 01:13:08,412 - INFO - File output: E:\RECOVERY\WORK\IN-TIME\FLOODING\WATER-DEPTH\wd_analysis\wd_estimation.shp
2025-09-23 01:13:08,498 - INFO - Campi disponibili nel vettoriale:
2025-09-23 01:13:08,499 - INFO - ['TY_PORZ', 'D_TY_PORZ', 'TY_INTR', 'D_TY_INTR', 'H_INTR', 'BASE', 'D_BASE', 'TETTO', 'D_TETTO', 'B_UVL', 'H_UVL', 'V_UVL', 'EDI_ID_E', 'TY_E', 'ID_E', 'DT_INI_VAL', 'DATA_AGG', 'D_TIPO_AGG', 'DT_PRES', 'ST_VALID', 'ST_CERTIF', 'QUALITA', 'METODO', 'D_METODO', 'COMP_FONTI', 'SEZ_ID_E', 'TIPO_FONTE', 'DATA_DA', 'DATA_A', 'H_GRONDA', 'H_COLMO', 'A_BASE', 'geometry']
2025-09-23 01:13:08,499 - INFO - 
2025-09-23 01:13:08,505 - INFO - ATTENZIONE: I sistemi di riferimento non coincidono!
2025-09-23 01:13:08,505 - INFO - CRS vettoriale: EPSG:32632
2025-09-23 01:13:08,505 - INFO - CRS raster: EPSG:7791
2025-09-23 01:13:08,505 - INFO - Applicando opzione di riproiezione: 1
2025-09-23 01:13:08,505 - INFO - Riproiettando il vettoriale in EPSG:7791...
2025-09-23 01:13:08,521 - INFO - Vettoriale riproiettato.
2025-09-23 01:13:08,521 - INFO - 
Elaborazione di 2103 edifici...
2025-09-23 01:13:08,631 - INFO - Elaborati 100/2103 edifici...
2025-09-23 01:13:08,733 - INFO - Elaborati 200/2103 edifici...
2025-09-23 01:13:08,821 - INFO - Elaborati 300/2103 edifici...
2025-09-23 01:13:08,911 - INFO - Elaborati 400/2103 edifici...
2025-09-23 01:13:09,266 - INFO - Elaborati 500/2103 edifici...
2025-09-23 01:13:09,355 - INFO - Elaborati 600/2103 edifici...
2025-09-23 01:13:09,447 - INFO - Elaborati 700/2103 edifici...
2025-09-23 01:13:09,538 - INFO - Elaborati 800/2103 edifici...
2025-09-23 01:13:09,629 - INFO - Elaborati 900/2103 edifici...
2025-09-23 01:13:09,717 - INFO - Elaborati 1000/2103 edifici...
2025-09-23 01:13:09,801 - INFO - Elaborati 1100/2103 edifici...
2025-09-23 01:13:09,887 - INFO - Elaborati 1200/2103 edifici...
2025-09-23 01:13:09,974 - INFO - Elaborati 1300/2103 edifici...
2025-09-23 01:13:10,059 - INFO - Elaborati 1400/2103 edifici...
2025-09-23 01:13:10,146 - INFO - Elaborati 1500/2103 edifici...
2025-09-23 01:13:10,233 - INFO - Elaborati 1600/2103 edifici...
2025-09-23 01:13:10,333 - INFO - Elaborati 1700/2103 edifici...
2025-09-23 01:13:10,425 - INFO - Elaborati 1800/2103 edifici...
2025-09-23 01:13:10,519 - INFO - Elaborati 1900/2103 edifici...
2025-09-23 01:13:10,610 - INFO - Elaborati 2000/2103 edifici...
2025-09-23 01:13:10,700 - INFO - Elaborati 2100/2103 edifici...
2025-09-23 01:13:12,012 - INFO - 
=== RIEPILOGO ELABORAZIONE ===
2025-09-23 01:13:12,012 - INFO - Edifici totali: 2103
2025-09-23 01:13:12,012 - INFO - Elaborati con successo: 1580
2025-09-23 01:13:12,012 - INFO - Non processati: 523
2025-09-23 01:13:12,012 - INFO - Output scritto in: E:\RECOVERY\WORK\IN-TIME\FLOODING\WATER-DEPTH\wd_analysis\wd_estimation.shp
2025-09-23 01:13:12,480 - INFO - Report statistico scritto in: E:\RECOVERY\WORK\IN-TIME\FLOODING\WATER-DEPTH\wd_analysis\wd_estimation_report.txt
2025-09-23 01:13:12,480 - INFO - Elaborazione completata con successo
